
ROM used:   1155/8192 (14%)
            1155/8192 (14%) including unused fragments

            0.8 Average locations per line
            5.8 Average locations per statement

RAM used:   23/368 (6%) at main() level
            38/368 (10%) worst case

Stack used: 6 worst case (5 in main + 1 for interrupts)
Stack size: 8

Lines Stmts  %   Files
----- ----- ---  -----
  151   115  58  main.c
    8     0   0  main.h
  751     0   0  C:\Program Files\PICC\Devices\16F886.h
  456    84  42  C:\Program Files\PICC\Drivers\lcd.c
----- -----
 1366   199 Total

Page ROM  %  RAM   Vol Diff  Functions:
---- --- --- ---   --- ----  ----------
0     21   2    1             @delay_ms1
 Inline         3   596  5.9  lcd_read_byte
0      6   1    0    59  4.2  lcd_read_nibble
0     12   1    1   179  3.3  lcd_send_nibble
0     64   6    3   460  4.7  lcd_send_byte
0     62   5    6   814  7.2  lcd_init
0     18   2    4   208  6.3  lcd_gotoxy
0     44   4    1   354  4.7  lcd_putc
0     22   2    0   163  3.1  temp1s
0    460  40    1  3895 10.4  MAIN
0      8   1    0             @const662
0     86   7    4             @PSTRINGC7_639
0      5   0    0             @const664
0     87   8    5             @PSTRINGCN7_639
0     21   2    3             @DIV88
0     87   8    6             @PRINTF_D_639
0      4   0    0             @const673
0      5   0    0             @const674
0      5   0    0             @const675
0      4   0    0             @const677
0      5   0    0             @const678
0      4   0    0             @const679
0      5   0    0             @const680
0      4   0    0             @const681
0      5   0    0             @const682
0      4   0    0             @const683
0      8   1    0             @const684
0      9   1    0             @const685
0      3   0    0             @const687
0      6   1    0             @const688
 Inline         0             @cinit1

Program metrics:
    Functions               9
    Statements              199
    Comments                234
    Volume (V)              9254
    Difficulty (D)          45.7
    Effort to implement (E) 422971
    Time to implement (T)   6 hours, 32 minutes
    Est Delivered Bugs (B)  2
    Cyclomatic Complexity   22
    Maintainability (MI)    134

 Segment     Used  Free
-----------  ----  ----
00000-00003     4  0  
00004-00050    77  0  
00051-007FF  1074  893  
00800-00FFF     0  2048  
01000-017FF     0  2048  
01800-01FFF     0  2048  



